Using pre-set license
Built from '2020.3/staging' branch; Version is '2020.3.11f1 (99c7afb366b3) revision 10078127'; Using compiler version '192528614'; Build Type 'Release'
OS: 'Windows 10 Pro; OS build 19042.1165; Version 2009; 64bit' Language: 'ru' Physical Memory: 16332 MB
BatchMode: 1, IsHumanControllingUs: 0, StartBugReporterOnCrash: 0, Is64bit: 1, IsPro: 0

 COMMAND LINE ARGUMENTS:
C:\Program Files\Unity\Hub\Editor\2020.3.11f1\Editor\Unity.exe
-adb2
-batchMode
-noUpm
-name
AssetImportWorker1
-projectPath
C:/Users/Admin/Desktop/Main/Unity/TestTasks/AsteroidAnaloque
-logFile
Logs/AssetImportWorker1.log
-srvPort
54548
Successfully changed project path to: C:/Users/Admin/Desktop/Main/Unity/TestTasks/AsteroidAnaloque
C:/Users/Admin/Desktop/Main/Unity/TestTasks/AsteroidAnaloque
Using Asset Import Pipeline V2.
Refreshing native plugins compatible for Editor in 30.46 ms, found 2 plugins.
Preloading 0 native plugins for Editor in 0.00 ms.
Initialize engine version: 2020.3.11f1 (99c7afb366b3)
[Subsystems] Discovering subsystems at path C:/Program Files/Unity/Hub/Editor/2020.3.11f1/Editor/Data/Resources/UnitySubsystems
[Subsystems] Discovering subsystems at path C:/Users/Admin/Desktop/Main/Unity/TestTasks/AsteroidAnaloque/Assets
GfxDevice: creating device client; threaded=0
Direct3D:
    Version:  Direct3D 11.0 [level 11.1]
    Renderer: NVIDIA GeForce GTX 1650 SUPER (ID=0x2187)
    Vendor:   
    VRAM:     3955 MB
    Driver:   27.21.14.5671
Initialize mono
Mono path[0] = 'C:/Program Files/Unity/Hub/Editor/2020.3.11f1/Editor/Data/Managed'
Mono path[1] = 'C:/Program Files/Unity/Hub/Editor/2020.3.11f1/Editor/Data/MonoBleedingEdge/lib/mono/unityjit'
Mono config path = 'C:/Program Files/Unity/Hub/Editor/2020.3.11f1/Editor/Data/MonoBleedingEdge/etc'
Using monoOptions --debugger-agent=transport=dt_socket,embedding=1,server=y,suspend=n,address=127.0.0.1:56536
Begin MonoManager ReloadAssembly
Registering precompiled unity dll's ...
Register platform support module: C:/Program Files/Unity/Hub/Editor/2020.3.11f1/Editor/Data/PlaybackEngines/WindowsStandaloneSupport/UnityEditor.WindowsStandalone.Extensions.dll
Registered in 0.001117 seconds.
Native extension for WindowsStandalone target not found
Refreshing native plugins compatible for Editor in 30.69 ms, found 2 plugins.
Preloading 0 native plugins for Editor in 0.00 ms.
Mono: successfully reloaded assembly
- Completed reload, in  2.432 seconds
Platform modules already initialized, skipping
Registering precompiled user dll's ...
Registered in 0.002404 seconds.
Begin MonoManager ReloadAssembly
Native extension for WindowsStandalone target not found
Refreshing native plugins compatible for Editor in 0.33 ms, found 2 plugins.
Preloading 0 native plugins for Editor in 0.00 ms.
Mono: successfully reloaded assembly
- Completed reload, in  1.134 seconds
Platform modules already initialized, skipping
========================================================================
Worker process is ready to serve import requests
Launched and connected shader compiler UnityShaderCompiler.exe after 0.04 seconds
Refreshing native plugins compatible for Editor in 0.32 ms, found 2 plugins.
Preloading 0 native plugins for Editor in 0.00 ms.
Unloading 1411 Unused Serialized files (Serialized files now loaded: 0)
System memory in use before: 65.7 MB.
System memory in use after: 65.8 MB.

Unloading 19 unused Assets to reduce memory usage. Loaded Objects now: 1845.
Total: 1.979600 ms (FindLiveObjects: 0.167500 ms CreateObjectMapping: 0.036700 ms MarkObjects: 1.687500 ms  DeleteObjects: 0.086600 ms)

========================================================================
Received Import Request.
  path: Assets/Scripts/Mechanics/FlashingMechanics.cs
  artifactKey: Guid(255ebf603981e3f4cb91f590ff8625a1) Importer(815301076,1909f56bfc062723c751e8b465ee728b)
Start importing Assets/Scripts/Mechanics/FlashingMechanics.cs using Guid(255ebf603981e3f4cb91f590ff8625a1) Importer(815301076,1909f56bfc062723c751e8b465ee728b)  -> (artifact id: '2907363cb334342d3c03083c671a5926') in 0.014534 seconds
  Import took 0.016667 seconds .

========================================================================
Received Import Request.
  Time since last request: 12.774320 seconds.
  path: Assets/Scripts/Mechanics/BaseCollisionMechanics.cs
  artifactKey: Guid(bf8305ec4f4011d4e9f07af7ecc4c2f8) Importer(815301076,1909f56bfc062723c751e8b465ee728b)
Start importing Assets/Scripts/Mechanics/BaseCollisionMechanics.cs using Guid(bf8305ec4f4011d4e9f07af7ecc4c2f8) Importer(815301076,1909f56bfc062723c751e8b465ee728b)  -> (artifact id: '2419a82d79446456300825da23df224f') in 0.001355 seconds
  Import took 0.003634 seconds .

========================================================================
Received Import Request.
  Time since last request: 3.992290 seconds.
  path: Assets/Scripts/Mechanics/BaseCollisionMechanics.cs
  artifactKey: Guid(bf8305ec4f4011d4e9f07af7ecc4c2f8) Importer(815301076,1909f56bfc062723c751e8b465ee728b)
Start importing Assets/Scripts/Mechanics/BaseCollisionMechanics.cs using Guid(bf8305ec4f4011d4e9f07af7ecc4c2f8) Importer(815301076,1909f56bfc062723c751e8b465ee728b)  -> (artifact id: '92ced8a7682847f17b40ad25b7df1d04') in 0.001296 seconds
  Import took 0.003751 seconds .

========================================================================
Received Import Request.
  Time since last request: 348.458247 seconds.
  path: Assets/Scripts/Mechanics/BaseCollisionMechanics.cs
  artifactKey: Guid(bf8305ec4f4011d4e9f07af7ecc4c2f8) Importer(815301076,1909f56bfc062723c751e8b465ee728b)
Start importing Assets/Scripts/Mechanics/BaseCollisionMechanics.cs using Guid(bf8305ec4f4011d4e9f07af7ecc4c2f8) Importer(815301076,1909f56bfc062723c751e8b465ee728b)  -> (artifact id: '6c745a600f7fbef02444f3479561c131') in 0.001414 seconds
  Import took 0.003945 seconds .

========================================================================
Received Prepare
Registering precompiled user dll's ...
Registered in 0.002204 seconds.
Begin MonoManager ReloadAssembly
Native extension for WindowsStandalone target not found
Refreshing native plugins compatible for Editor in 0.33 ms, found 2 plugins.
Preloading 0 native plugins for Editor in 0.00 ms.
Mono: successfully reloaded assembly
- Completed reload, in  1.001 seconds
Platform modules already initialized, skipping
Refreshing native plugins compatible for Editor in 0.33 ms, found 2 plugins.
Preloading 0 native plugins for Editor in 0.00 ms.
Unloading 1406 Unused Serialized files (Serialized files now loaded: 0)
System memory in use before: 65.7 MB.
System memory in use after: 65.7 MB.

Unloading 14 unused Assets to reduce memory usage. Loaded Objects now: 1848.
Total: 1.936100 ms (FindLiveObjects: 0.149400 ms CreateObjectMapping: 0.035600 ms MarkObjects: 1.692200 ms  DeleteObjects: 0.057600 ms)

========================================================================
Received Prepare
Registering precompiled user dll's ...
Registered in 0.003152 seconds.
Begin MonoManager ReloadAssembly
Native extension for WindowsStandalone target not found
Refreshing native plugins compatible for Editor in 0.33 ms, found 2 plugins.
Preloading 0 native plugins for Editor in 0.00 ms.
Mono: successfully reloaded assembly
- Completed reload, in  1.004 seconds
Platform modules already initialized, skipping
Refreshing native plugins compatible for Editor in 0.32 ms, found 2 plugins.
Preloading 0 native plugins for Editor in 0.00 ms.
Unloading 1406 Unused Serialized files (Serialized files now loaded: 0)
System memory in use before: 65.7 MB.
System memory in use after: 65.8 MB.

Unloading 14 unused Assets to reduce memory usage. Loaded Objects now: 1851.
Total: 1.950200 ms (FindLiveObjects: 0.167500 ms CreateObjectMapping: 0.035900 ms MarkObjects: 1.686000 ms  DeleteObjects: 0.059700 ms)

========================================================================
Received Prepare
Registering precompiled user dll's ...
Registered in 0.002471 seconds.
Begin MonoManager ReloadAssembly
Native extension for WindowsStandalone target not found
Refreshing native plugins compatible for Editor in 0.33 ms, found 2 plugins.
Preloading 0 native plugins for Editor in 0.00 ms.
Mono: successfully reloaded assembly
- Completed reload, in  0.979 seconds
Platform modules already initialized, skipping
Refreshing native plugins compatible for Editor in 0.33 ms, found 2 plugins.
Preloading 0 native plugins for Editor in 0.00 ms.
Unloading 1406 Unused Serialized files (Serialized files now loaded: 0)
System memory in use before: 65.7 MB.
System memory in use after: 65.8 MB.

Unloading 14 unused Assets to reduce memory usage. Loaded Objects now: 1854.
Total: 2.126000 ms (FindLiveObjects: 0.155400 ms CreateObjectMapping: 0.035500 ms MarkObjects: 1.867100 ms  DeleteObjects: 0.066400 ms)

========================================================================
Received Prepare
Registering precompiled user dll's ...
Registered in 0.002125 seconds.
Begin MonoManager ReloadAssembly
Native extension for WindowsStandalone target not found
Refreshing native plugins compatible for Editor in 0.34 ms, found 2 plugins.
Preloading 0 native plugins for Editor in 0.00 ms.
Mono: successfully reloaded assembly
- Completed reload, in  1.003 seconds
Platform modules already initialized, skipping
Refreshing native plugins compatible for Editor in 0.33 ms, found 2 plugins.
Preloading 0 native plugins for Editor in 0.00 ms.
Unloading 1406 Unused Serialized files (Serialized files now loaded: 0)
System memory in use before: 65.7 MB.
System memory in use after: 65.8 MB.

Unloading 14 unused Assets to reduce memory usage. Loaded Objects now: 1857.
Total: 1.962100 ms (FindLiveObjects: 0.161500 ms CreateObjectMapping: 0.036600 ms MarkObjects: 1.705500 ms  DeleteObjects: 0.057500 ms)

========================================================================
Received Prepare
Registering precompiled user dll's ...
Registered in 0.002399 seconds.
Begin MonoManager ReloadAssembly
Native extension for WindowsStandalone target not found
Refreshing native plugins compatible for Editor in 0.33 ms, found 2 plugins.
Preloading 0 native plugins for Editor in 0.00 ms.
Mono: successfully reloaded assembly
- Completed reload, in  1.000 seconds
Platform modules already initialized, skipping
Refreshing native plugins compatible for Editor in 0.42 ms, found 2 plugins.
Preloading 0 native plugins for Editor in 0.00 ms.
Unloading 1406 Unused Serialized files (Serialized files now loaded: 0)
System memory in use before: 65.7 MB.
System memory in use after: 65.8 MB.

Unloading 14 unused Assets to reduce memory usage. Loaded Objects now: 1860.
Total: 2.571300 ms (FindLiveObjects: 0.203100 ms CreateObjectMapping: 0.035200 ms MarkObjects: 2.255100 ms  DeleteObjects: 0.076200 ms)

========================================================================
Received Prepare
Registering precompiled user dll's ...
Registered in 0.002258 seconds.
Begin MonoManager ReloadAssembly
Native extension for WindowsStandalone target not found
Refreshing native plugins compatible for Editor in 0.33 ms, found 2 plugins.
Preloading 0 native plugins for Editor in 0.00 ms.
Mono: successfully reloaded assembly
- Completed reload, in  1.007 seconds
Platform modules already initialized, skipping
Refreshing native plugins compatible for Editor in 0.34 ms, found 2 plugins.
Preloading 0 native plugins for Editor in 0.00 ms.
Unloading 1406 Unused Serialized files (Serialized files now loaded: 0)
System memory in use before: 65.7 MB.
System memory in use after: 65.8 MB.

Unloading 14 unused Assets to reduce memory usage. Loaded Objects now: 1863.
Total: 2.361600 ms (FindLiveObjects: 0.208800 ms CreateObjectMapping: 0.039900 ms MarkObjects: 2.043400 ms  DeleteObjects: 0.068000 ms)

========================================================================
Received Import Request.
  Time since last request: 1671.804187 seconds.
  path: Assets/Prefabs/Bullet.prefab
  artifactKey: Guid(02b0acd66b126704dba27e3e54b8a900) Importer(815301076,1909f56bfc062723c751e8b465ee728b)
Start importing Assets/Prefabs/Bullet.prefab using Guid(02b0acd66b126704dba27e3e54b8a900) Importer(815301076,1909f56bfc062723c751e8b465ee728b)  -> (artifact id: '69649dc8e6d4b99134a64c3bc592c30f') in 0.090085 seconds
  Import took 0.092609 seconds .

========================================================================
Received Import Request.
  Time since last request: 0.004004 seconds.
  path: Assets/Prefabs/Bullet.prefab
  artifactKey: Guid(02b0acd66b126704dba27e3e54b8a900) Importer(815301076,1909f56bfc062723c751e8b465ee728b)
Start importing Assets/Prefabs/Bullet.prefab using Guid(02b0acd66b126704dba27e3e54b8a900) Importer(815301076,1909f56bfc062723c751e8b465ee728b)  -> (artifact id: '69649dc8e6d4b99134a64c3bc592c30f') in 0.008900 seconds
  Import took 0.011808 seconds .

========================================================================
Received Import Request.
  Time since last request: 12.166213 seconds.
  path: Assets/Prefabs/Bullet.prefab
  artifactKey: Guid(02b0acd66b126704dba27e3e54b8a900) Importer(815301076,1909f56bfc062723c751e8b465ee728b)
Start importing Assets/Prefabs/Bullet.prefab using Guid(02b0acd66b126704dba27e3e54b8a900) Importer(815301076,1909f56bfc062723c751e8b465ee728b)  -> (artifact id: '7439ddf577e914b7172d1dfc657599eb') in 0.007179 seconds
  Import took 0.009564 seconds .

========================================================================
Received Import Request.
  Time since last request: 4.525820 seconds.
  path: Assets/Prefabs/Bullet.prefab
  artifactKey: Guid(02b0acd66b126704dba27e3e54b8a900) Importer(815301076,1909f56bfc062723c751e8b465ee728b)
Start importing Assets/Prefabs/Bullet.prefab using Guid(02b0acd66b126704dba27e3e54b8a900) Importer(815301076,1909f56bfc062723c751e8b465ee728b)  -> (artifact id: '502a4ceac3349c4a1ef722c6c42b5e35') in 0.007527 seconds
  Import took 0.009898 seconds .

========================================================================
Received Import Request.
  Time since last request: 1.911686 seconds.
  path: Assets/Prefabs/Bullet.prefab
  artifactKey: Guid(02b0acd66b126704dba27e3e54b8a900) Importer(815301076,1909f56bfc062723c751e8b465ee728b)
Start importing Assets/Prefabs/Bullet.prefab using Guid(02b0acd66b126704dba27e3e54b8a900) Importer(815301076,1909f56bfc062723c751e8b465ee728b)  -> (artifact id: '747253437e19497b210021a65c7a8b6c') in 0.009678 seconds
  Import took 0.012111 seconds .

========================================================================
Received Prepare
Registering precompiled user dll's ...
Registered in 0.002169 seconds.
Begin MonoManager ReloadAssembly
Native extension for WindowsStandalone target not found
Refreshing native plugins compatible for Editor in 0.34 ms, found 2 plugins.
Preloading 0 native plugins for Editor in 0.00 ms.
Mono: successfully reloaded assembly
- Completed reload, in  1.004 seconds
Platform modules already initialized, skipping
Refreshing native plugins compatible for Editor in 0.32 ms, found 2 plugins.
Preloading 0 native plugins for Editor in 0.00 ms.
Unloading 1406 Unused Serialized files (Serialized files now loaded: 0)
System memory in use before: 68.9 MB.
System memory in use after: 69.0 MB.

Unloading 14 unused Assets to reduce memory usage. Loaded Objects now: 1874.
Total: 1.996100 ms (FindLiveObjects: 0.170900 ms CreateObjectMapping: 0.036000 ms MarkObjects: 1.729400 ms  DeleteObjects: 0.058600 ms)

========================================================================
Received Import Request.
  Time since last request: 61.937137 seconds.
  path: Assets/Prefabs/Bullet.prefab
  artifactKey: Guid(02b0acd66b126704dba27e3e54b8a900) Importer(815301076,1909f56bfc062723c751e8b465ee728b)
Start importing Assets/Prefabs/Bullet.prefab using Guid(02b0acd66b126704dba27e3e54b8a900) Importer(815301076,1909f56bfc062723c751e8b465ee728b)  -> (artifact id: '4eae5141800a26c69482bc69d9a5f070') in 0.058493 seconds
  Import took 0.060962 seconds .

========================================================================
Received Prepare
Registering precompiled user dll's ...
Registered in 0.002417 seconds.
Begin MonoManager ReloadAssembly
Native extension for WindowsStandalone target not found
Refreshing native plugins compatible for Editor in 0.34 ms, found 2 plugins.
Preloading 0 native plugins for Editor in 0.00 ms.
Mono: successfully reloaded assembly
- Completed reload, in  1.009 seconds
Platform modules already initialized, skipping
Refreshing native plugins compatible for Editor in 0.34 ms, found 2 plugins.
Preloading 0 native plugins for Editor in 0.00 ms.
Unloading 1406 Unused Serialized files (Serialized files now loaded: 0)
System memory in use before: 68.9 MB.
System memory in use after: 69.0 MB.

Unloading 14 unused Assets to reduce memory usage. Loaded Objects now: 1878.
Total: 2.264500 ms (FindLiveObjects: 0.179400 ms CreateObjectMapping: 0.034200 ms MarkObjects: 1.983600 ms  DeleteObjects: 0.065700 ms)

========================================================================
Received Prepare
Registering precompiled user dll's ...
Registered in 0.002247 seconds.
Begin MonoManager ReloadAssembly
Native extension for WindowsStandalone target not found
Refreshing native plugins compatible for Editor in 0.32 ms, found 2 plugins.
Preloading 0 native plugins for Editor in 0.00 ms.
Mono: successfully reloaded assembly
- Completed reload, in  0.994 seconds
Platform modules already initialized, skipping
Refreshing native plugins compatible for Editor in 0.40 ms, found 2 plugins.
Preloading 0 native plugins for Editor in 0.00 ms.
Unloading 1406 Unused Serialized files (Serialized files now loaded: 0)
System memory in use before: 68.9 MB.
System memory in use after: 69.0 MB.

Unloading 14 unused Assets to reduce memory usage. Loaded Objects now: 1881.
Total: 2.078100 ms (FindLiveObjects: 0.192300 ms CreateObjectMapping: 0.037500 ms MarkObjects: 1.784600 ms  DeleteObjects: 0.062700 ms)

========================================================================
Received Import Request.
  Time since last request: 347.985054 seconds.
  path: Assets/Prefabs/Asteroid.prefab
  artifactKey: Guid(db287a3bbdc43bd4dacb6a1fcd4b3afb) Importer(815301076,1909f56bfc062723c751e8b465ee728b)
Start importing Assets/Prefabs/Asteroid.prefab using Guid(db287a3bbdc43bd4dacb6a1fcd4b3afb) Importer(815301076,1909f56bfc062723c751e8b465ee728b)  -> (artifact id: '09c565651438a0bea217b922d6707864') in 0.071763 seconds
  Import took 0.074426 seconds .

========================================================================
Received Prepare
Registering precompiled user dll's ...
Registered in 0.002190 seconds.
Begin MonoManager ReloadAssembly
Native extension for WindowsStandalone target not found
Refreshing native plugins compatible for Editor in 0.41 ms, found 2 plugins.
Preloading 0 native plugins for Editor in 0.00 ms.
Mono: successfully reloaded assembly
- Completed reload, in  1.005 seconds
Platform modules already initialized, skipping
Refreshing native plugins compatible for Editor in 0.32 ms, found 2 plugins.
Preloading 0 native plugins for Editor in 0.00 ms.
Unloading 1406 Unused Serialized files (Serialized files now loaded: 0)
System memory in use before: 68.9 MB.
System memory in use after: 69.0 MB.

Unloading 14 unused Assets to reduce memory usage. Loaded Objects now: 1885.
Total: 1.964900 ms (FindLiveObjects: 0.159300 ms CreateObjectMapping: 0.036100 ms MarkObjects: 1.708500 ms  DeleteObjects: 0.059600 ms)

========================================================================
Received Prepare
Registering precompiled user dll's ...
Registered in 0.002169 seconds.
Begin MonoManager ReloadAssembly
Native extension for WindowsStandalone target not found
Refreshing native plugins compatible for Editor in 0.34 ms, found 2 plugins.
Preloading 0 native plugins for Editor in 0.00 ms.
Mono: successfully reloaded assembly
- Completed reload, in  1.007 seconds
Platform modules already initialized, skipping
Refreshing native plugins compatible for Editor in 0.32 ms, found 2 plugins.
Preloading 0 native plugins for Editor in 0.00 ms.
Unloading 1406 Unused Serialized files (Serialized files now loaded: 0)
System memory in use before: 68.9 MB.
System memory in use after: 69.0 MB.

Unloading 14 unused Assets to reduce memory usage. Loaded Objects now: 1888.
Total: 2.006200 ms (FindLiveObjects: 0.151500 ms CreateObjectMapping: 0.035600 ms MarkObjects: 1.757700 ms  DeleteObjects: 0.060300 ms)

========================================================================
Received Prepare
Registering precompiled user dll's ...
Registered in 0.002214 seconds.
Begin MonoManager ReloadAssembly
Native extension for WindowsStandalone target not found
Refreshing native plugins compatible for Editor in 0.33 ms, found 2 plugins.
Preloading 0 native plugins for Editor in 0.00 ms.
Mono: successfully reloaded assembly
- Completed reload, in  0.996 seconds
Platform modules already initialized, skipping
Refreshing native plugins compatible for Editor in 0.36 ms, found 2 plugins.
Preloading 0 native plugins for Editor in 0.00 ms.
Unloading 1406 Unused Serialized files (Serialized files now loaded: 0)
System memory in use before: 68.9 MB.
System memory in use after: 69.0 MB.

Unloading 14 unused Assets to reduce memory usage. Loaded Objects now: 1891.
Total: 2.137200 ms (FindLiveObjects: 0.179700 ms CreateObjectMapping: 0.035400 ms MarkObjects: 1.847900 ms  DeleteObjects: 0.072500 ms)

========================================================================
Received Prepare
Registering precompiled user dll's ...
Registered in 0.002709 seconds.
Begin MonoManager ReloadAssembly
Native extension for WindowsStandalone target not found
Refreshing native plugins compatible for Editor in 0.33 ms, found 2 plugins.
Preloading 0 native plugins for Editor in 0.00 ms.
Mono: successfully reloaded assembly
- Completed reload, in  1.000 seconds
Platform modules already initialized, skipping
Refreshing native plugins compatible for Editor in 0.32 ms, found 2 plugins.
Preloading 0 native plugins for Editor in 0.00 ms.
Unloading 1406 Unused Serialized files (Serialized files now loaded: 0)
System memory in use before: 68.9 MB.
System memory in use after: 69.0 MB.

Unloading 14 unused Assets to reduce memory usage. Loaded Objects now: 1894.
Total: 2.114300 ms (FindLiveObjects: 0.176600 ms CreateObjectMapping: 0.035900 ms MarkObjects: 1.833100 ms  DeleteObjects: 0.067100 ms)

========================================================================
Received Prepare
Registering precompiled user dll's ...
Registered in 0.002142 seconds.
Begin MonoManager ReloadAssembly
Native extension for WindowsStandalone target not found
Refreshing native plugins compatible for Editor in 0.33 ms, found 2 plugins.
Preloading 0 native plugins for Editor in 0.00 ms.
Mono: successfully reloaded assembly
- Completed reload, in  0.998 seconds
Platform modules already initialized, skipping
Refreshing native plugins compatible for Editor in 0.32 ms, found 2 plugins.
Preloading 0 native plugins for Editor in 0.00 ms.
Unloading 1406 Unused Serialized files (Serialized files now loaded: 0)
System memory in use before: 69.0 MB.
System memory in use after: 69.0 MB.

Unloading 14 unused Assets to reduce memory usage. Loaded Objects now: 1897.
Total: 2.031700 ms (FindLiveObjects: 0.153500 ms CreateObjectMapping: 0.036800 ms MarkObjects: 1.776100 ms  DeleteObjects: 0.064100 ms)

========================================================================
Received Prepare
Registering precompiled user dll's ...
Registered in 0.002334 seconds.
Begin MonoManager ReloadAssembly
Native extension for WindowsStandalone target not found
Refreshing native plugins compatible for Editor in 0.33 ms, found 2 plugins.
Preloading 0 native plugins for Editor in 0.00 ms.
Mono: successfully reloaded assembly
- Completed reload, in  0.989 seconds
Platform modules already initialized, skipping
Refreshing native plugins compatible for Editor in 0.32 ms, found 2 plugins.
Preloading 0 native plugins for Editor in 0.00 ms.
Unloading 1406 Unused Serialized files (Serialized files now loaded: 0)
System memory in use before: 69.0 MB.
System memory in use after: 69.0 MB.

Unloading 14 unused Assets to reduce memory usage. Loaded Objects now: 1900.
Total: 1.962000 ms (FindLiveObjects: 0.161900 ms CreateObjectMapping: 0.036200 ms MarkObjects: 1.703100 ms  DeleteObjects: 0.059700 ms)

========================================================================
Received Prepare
Registering precompiled user dll's ...
Registered in 0.002226 seconds.
Begin MonoManager ReloadAssembly
Native extension for WindowsStandalone target not found
Refreshing native plugins compatible for Editor in 0.33 ms, found 2 plugins.
Preloading 0 native plugins for Editor in 0.00 ms.
Mono: successfully reloaded assembly
- Completed reload, in  1.002 seconds
Platform modules already initialized, skipping
Refreshing native plugins compatible for Editor in 0.32 ms, found 2 plugins.
Preloading 0 native plugins for Editor in 0.00 ms.
Unloading 1406 Unused Serialized files (Serialized files now loaded: 0)
System memory in use before: 69.0 MB.
System memory in use after: 69.0 MB.

Unloading 14 unused Assets to reduce memory usage. Loaded Objects now: 1903.
Total: 1.963000 ms (FindLiveObjects: 0.157100 ms CreateObjectMapping: 0.040600 ms MarkObjects: 1.704000 ms  DeleteObjects: 0.060100 ms)

========================================================================
Received Prepare
Registering precompiled user dll's ...
Registered in 0.002184 seconds.
Begin MonoManager ReloadAssembly
Native extension for WindowsStandalone target not found
Refreshing native plugins compatible for Editor in 0.33 ms, found 2 plugins.
Preloading 0 native plugins for Editor in 0.00 ms.
Mono: successfully reloaded assembly
- Completed reload, in  0.996 seconds
Platform modules already initialized, skipping
Refreshing native plugins compatible for Editor in 0.33 ms, found 2 plugins.
Preloading 0 native plugins for Editor in 0.00 ms.
Unloading 1406 Unused Serialized files (Serialized files now loaded: 0)
System memory in use before: 69.0 MB.
System memory in use after: 69.1 MB.

Unloading 14 unused Assets to reduce memory usage. Loaded Objects now: 1906.
Total: 1.972900 ms (FindLiveObjects: 0.161800 ms CreateObjectMapping: 0.035900 ms MarkObjects: 1.709800 ms  DeleteObjects: 0.064100 ms)

========================================================================
Received Prepare
Registering precompiled user dll's ...
Registered in 0.002658 seconds.
Begin MonoManager ReloadAssembly
Native extension for WindowsStandalone target not found
Refreshing native plugins compatible for Editor in 0.33 ms, found 2 plugins.
Preloading 0 native plugins for Editor in 0.00 ms.
Mono: successfully reloaded assembly
- Completed reload, in  0.980 seconds
Platform modules already initialized, skipping
Refreshing native plugins compatible for Editor in 0.32 ms, found 2 plugins.
Preloading 0 native plugins for Editor in 0.00 ms.
Unloading 1406 Unused Serialized files (Serialized files now loaded: 0)
System memory in use before: 69.0 MB.
System memory in use after: 69.1 MB.

Unloading 14 unused Assets to reduce memory usage. Loaded Objects now: 1909.
Total: 1.994000 ms (FindLiveObjects: 0.168500 ms CreateObjectMapping: 0.037500 ms MarkObjects: 1.725400 ms  DeleteObjects: 0.061600 ms)

========================================================================
Received Prepare
Registering precompiled user dll's ...
Registered in 0.002173 seconds.
Begin MonoManager ReloadAssembly
Native extension for WindowsStandalone target not found
Refreshing native plugins compatible for Editor in 0.32 ms, found 2 plugins.
Preloading 0 native plugins for Editor in 0.00 ms.
Mono: successfully reloaded assembly
- Completed reload, in  0.992 seconds
Platform modules already initialized, skipping
Refreshing native plugins compatible for Editor in 0.32 ms, found 2 plugins.
Preloading 0 native plugins for Editor in 0.00 ms.
Unloading 1406 Unused Serialized files (Serialized files now loaded: 0)
System memory in use before: 69.0 MB.
System memory in use after: 69.1 MB.

Unloading 14 unused Assets to reduce memory usage. Loaded Objects now: 1912.
Total: 2.046100 ms (FindLiveObjects: 0.195900 ms CreateObjectMapping: 0.036500 ms MarkObjects: 1.750200 ms  DeleteObjects: 0.062200 ms)

========================================================================
Received Prepare
Registering precompiled user dll's ...
Registered in 0.002241 seconds.
Begin MonoManager ReloadAssembly
Native extension for WindowsStandalone target not found
Refreshing native plugins compatible for Editor in 0.35 ms, found 2 plugins.
Preloading 0 native plugins for Editor in 0.00 ms.
Mono: successfully reloaded assembly
- Completed reload, in  1.015 seconds
Platform modules already initialized, skipping
Refreshing native plugins compatible for Editor in 0.33 ms, found 2 plugins.
Preloading 0 native plugins for Editor in 0.00 ms.
Unloading 1406 Unused Serialized files (Serialized files now loaded: 0)
System memory in use before: 69.0 MB.
System memory in use after: 69.1 MB.

Unloading 14 unused Assets to reduce memory usage. Loaded Objects now: 1915.
Total: 1.993600 ms (FindLiveObjects: 0.172000 ms CreateObjectMapping: 0.036300 ms MarkObjects: 1.724700 ms  DeleteObjects: 0.059500 ms)

========================================================================
Received Prepare
Registering precompiled user dll's ...
Registered in 0.002167 seconds.
Begin MonoManager ReloadAssembly
Native extension for WindowsStandalone target not found
Refreshing native plugins compatible for Editor in 0.32 ms, found 2 plugins.
Preloading 0 native plugins for Editor in 0.00 ms.
Mono: successfully reloaded assembly
- Completed reload, in  1.034 seconds
Platform modules already initialized, skipping
Refreshing native plugins compatible for Editor in 0.32 ms, found 2 plugins.
Preloading 0 native plugins for Editor in 0.00 ms.
Unloading 1406 Unused Serialized files (Serialized files now loaded: 0)
System memory in use before: 69.0 MB.
System memory in use after: 69.1 MB.

Unloading 14 unused Assets to reduce memory usage. Loaded Objects now: 1918.
Total: 1.956900 ms (FindLiveObjects: 0.164400 ms CreateObjectMapping: 0.040300 ms MarkObjects: 1.690400 ms  DeleteObjects: 0.060800 ms)

========================================================================
Received Prepare
Registering precompiled user dll's ...
Registered in 0.002192 seconds.
Begin MonoManager ReloadAssembly
Native extension for WindowsStandalone target not found
Refreshing native plugins compatible for Editor in 0.35 ms, found 2 plugins.
Preloading 0 native plugins for Editor in 0.00 ms.
Mono: successfully reloaded assembly
- Completed reload, in  0.987 seconds
Platform modules already initialized, skipping
Refreshing native plugins compatible for Editor in 0.32 ms, found 2 plugins.
Preloading 0 native plugins for Editor in 0.00 ms.
Unloading 1406 Unused Serialized files (Serialized files now loaded: 0)
System memory in use before: 69.0 MB.
System memory in use after: 69.1 MB.

Unloading 14 unused Assets to reduce memory usage. Loaded Objects now: 1921.
Total: 2.128600 ms (FindLiveObjects: 0.178000 ms CreateObjectMapping: 0.036300 ms MarkObjects: 1.847100 ms  DeleteObjects: 0.065400 ms)

========================================================================
Received Prepare
Registering precompiled user dll's ...
Registered in 0.002154 seconds.
Begin MonoManager ReloadAssembly
Native extension for WindowsStandalone target not found
Refreshing native plugins compatible for Editor in 0.32 ms, found 2 plugins.
Preloading 0 native plugins for Editor in 0.00 ms.
Mono: successfully reloaded assembly
- Completed reload, in  1.013 seconds
Platform modules already initialized, skipping
Refreshing native plugins compatible for Editor in 0.32 ms, found 2 plugins.
Preloading 0 native plugins for Editor in 0.00 ms.
Unloading 1406 Unused Serialized files (Serialized files now loaded: 0)
System memory in use before: 69.0 MB.
System memory in use after: 69.1 MB.

Unloading 14 unused Assets to reduce memory usage. Loaded Objects now: 1924.
Total: 1.979900 ms (FindLiveObjects: 0.162200 ms CreateObjectMapping: 0.036800 ms MarkObjects: 1.718900 ms  DeleteObjects: 0.061000 ms)

========================================================================
Received Prepare
Registering precompiled user dll's ...
Registered in 0.002309 seconds.
Begin MonoManager ReloadAssembly
Native extension for WindowsStandalone target not found
Refreshing native plugins compatible for Editor in 0.33 ms, found 2 plugins.
Preloading 0 native plugins for Editor in 0.00 ms.
Mono: successfully reloaded assembly
- Completed reload, in  0.987 seconds
Platform modules already initialized, skipping
Refreshing native plugins compatible for Editor in 0.32 ms, found 2 plugins.
Preloading 0 native plugins for Editor in 0.00 ms.
Unloading 1406 Unused Serialized files (Serialized files now loaded: 0)
System memory in use before: 69.0 MB.
System memory in use after: 69.1 MB.

Unloading 14 unused Assets to reduce memory usage. Loaded Objects now: 1927.
Total: 2.102500 ms (FindLiveObjects: 0.181300 ms CreateObjectMapping: 0.038000 ms MarkObjects: 1.818500 ms  DeleteObjects: 0.063500 ms)

========================================================================
Received Prepare
Registering precompiled user dll's ...
Registered in 0.002101 seconds.
Begin MonoManager ReloadAssembly
Native extension for WindowsStandalone target not found
Refreshing native plugins compatible for Editor in 0.32 ms, found 2 plugins.
Preloading 0 native plugins for Editor in 0.00 ms.
Mono: successfully reloaded assembly
- Completed reload, in  0.997 seconds
Platform modules already initialized, skipping
Refreshing native plugins compatible for Editor in 0.32 ms, found 2 plugins.
Preloading 0 native plugins for Editor in 0.00 ms.
Unloading 1406 Unused Serialized files (Serialized files now loaded: 0)
System memory in use before: 69.0 MB.
System memory in use after: 69.1 MB.

Unloading 14 unused Assets to reduce memory usage. Loaded Objects now: 1930.
Total: 2.018600 ms (FindLiveObjects: 0.161900 ms CreateObjectMapping: 0.036200 ms MarkObjects: 1.749000 ms  DeleteObjects: 0.070400 ms)

========================================================================
Received Prepare
Registering precompiled user dll's ...
Registered in 0.002334 seconds.
Begin MonoManager ReloadAssembly
Native extension for WindowsStandalone target not found
Refreshing native plugins compatible for Editor in 0.35 ms, found 2 plugins.
Preloading 0 native plugins for Editor in 0.00 ms.
Mono: successfully reloaded assembly
- Completed reload, in  1.005 seconds
Platform modules already initialized, skipping
Refreshing native plugins compatible for Editor in 0.34 ms, found 2 plugins.
Preloading 0 native plugins for Editor in 0.00 ms.
Unloading 1406 Unused Serialized files (Serialized files now loaded: 0)
System memory in use before: 69.0 MB.
System memory in use after: 69.1 MB.

Unloading 14 unused Assets to reduce memory usage. Loaded Objects now: 1933.
Total: 2.106800 ms (FindLiveObjects: 0.177600 ms CreateObjectMapping: 0.037800 ms MarkObjects: 1.824900 ms  DeleteObjects: 0.065300 ms)

========================================================================
Received Prepare
Registering precompiled user dll's ...
Registered in 0.002195 seconds.
Begin MonoManager ReloadAssembly
Native extension for WindowsStandalone target not found
Refreshing native plugins compatible for Editor in 0.45 ms, found 2 plugins.
Preloading 0 native plugins for Editor in 0.00 ms.
Mono: successfully reloaded assembly
- Completed reload, in  1.027 seconds
Platform modules already initialized, skipping
Refreshing native plugins compatible for Editor in 0.33 ms, found 2 plugins.
Preloading 0 native plugins for Editor in 0.00 ms.
Unloading 1406 Unused Serialized files (Serialized files now loaded: 0)
System memory in use before: 69.1 MB.
System memory in use after: 69.1 MB.

Unloading 14 unused Assets to reduce memory usage. Loaded Objects now: 1936.
Total: 2.045600 ms (FindLiveObjects: 0.177500 ms CreateObjectMapping: 0.036000 ms MarkObjects: 1.767200 ms  DeleteObjects: 0.063800 ms)

========================================================================
Received Prepare
Registering precompiled user dll's ...
Registered in 0.002181 seconds.
Begin MonoManager ReloadAssembly
Native extension for WindowsStandalone target not found
Refreshing native plugins compatible for Editor in 0.32 ms, found 2 plugins.
Preloading 0 native plugins for Editor in 0.00 ms.
Mono: successfully reloaded assembly
- Completed reload, in  0.998 seconds
Platform modules already initialized, skipping
Refreshing native plugins compatible for Editor in 0.37 ms, found 2 plugins.
Preloading 0 native plugins for Editor in 0.00 ms.
Unloading 1406 Unused Serialized files (Serialized files now loaded: 0)
System memory in use before: 69.1 MB.
System memory in use after: 69.1 MB.

Unloading 14 unused Assets to reduce memory usage. Loaded Objects now: 1939.
Total: 1.991600 ms (FindLiveObjects: 0.164100 ms CreateObjectMapping: 0.036200 ms MarkObjects: 1.730100 ms  DeleteObjects: 0.059900 ms)

========================================================================
Received Prepare
Registering precompiled user dll's ...
Registered in 0.002700 seconds.
Begin MonoManager ReloadAssembly
Native extension for WindowsStandalone target not found
Refreshing native plugins compatible for Editor in 0.34 ms, found 2 plugins.
Preloading 0 native plugins for Editor in 0.00 ms.
Mono: successfully reloaded assembly
- Completed reload, in  1.005 seconds
Platform modules already initialized, skipping
Refreshing native plugins compatible for Editor in 0.35 ms, found 2 plugins.
Preloading 0 native plugins for Editor in 0.00 ms.
Unloading 1406 Unused Serialized files (Serialized files now loaded: 0)
System memory in use before: 69.1 MB.
System memory in use after: 69.1 MB.

Unloading 14 unused Assets to reduce memory usage. Loaded Objects now: 1942.
Total: 2.024500 ms (FindLiveObjects: 0.186400 ms CreateObjectMapping: 0.038700 ms MarkObjects: 1.736900 ms  DeleteObjects: 0.061300 ms)

