Using pre-set license
Built from '2020.3/staging' branch; Version is '2020.3.11f1 (99c7afb366b3) revision 10078127'; Using compiler version '192528614'; Build Type 'Release'
OS: 'Windows 10 Pro; OS build 19042.1165; Version 2009; 64bit' Language: 'ru' Physical Memory: 16332 MB
BatchMode: 1, IsHumanControllingUs: 0, StartBugReporterOnCrash: 0, Is64bit: 1, IsPro: 0

 COMMAND LINE ARGUMENTS:
C:\Program Files\Unity\Hub\Editor\2020.3.11f1\Editor\Unity.exe
-adb2
-batchMode
-noUpm
-name
AssetImportWorker0
-projectPath
C:/Users/Admin/Desktop/Main/Unity/TestTasks/AnalogueAsteroids
-logFile
Logs/AssetImportWorker0.log
-srvPort
58601
Successfully changed project path to: C:/Users/Admin/Desktop/Main/Unity/TestTasks/AnalogueAsteroids
C:/Users/Admin/Desktop/Main/Unity/TestTasks/AnalogueAsteroids
Using Asset Import Pipeline V2.
Refreshing native plugins compatible for Editor in 29.07 ms, found 2 plugins.
Preloading 0 native plugins for Editor in 0.00 ms.
Initialize engine version: 2020.3.11f1 (99c7afb366b3)
[Subsystems] Discovering subsystems at path C:/Program Files/Unity/Hub/Editor/2020.3.11f1/Editor/Data/Resources/UnitySubsystems
[Subsystems] Discovering subsystems at path C:/Users/Admin/Desktop/Main/Unity/TestTasks/AnalogueAsteroids/Assets
GfxDevice: creating device client; threaded=0
Direct3D:
    Version:  Direct3D 11.0 [level 11.1]
    Renderer: NVIDIA GeForce GTX 1650 SUPER (ID=0x2187)
    Vendor:   
    VRAM:     3955 MB
    Driver:   27.21.14.5671
Initialize mono
Mono path[0] = 'C:/Program Files/Unity/Hub/Editor/2020.3.11f1/Editor/Data/Managed'
Mono path[1] = 'C:/Program Files/Unity/Hub/Editor/2020.3.11f1/Editor/Data/MonoBleedingEdge/lib/mono/unityjit'
Mono config path = 'C:/Program Files/Unity/Hub/Editor/2020.3.11f1/Editor/Data/MonoBleedingEdge/etc'
Using monoOptions --debugger-agent=transport=dt_socket,embedding=1,server=y,suspend=n,address=127.0.0.1:56740
Begin MonoManager ReloadAssembly
Registering precompiled unity dll's ...
Register platform support module: C:/Program Files/Unity/Hub/Editor/2020.3.11f1/Editor/Data/PlaybackEngines/WindowsStandaloneSupport/UnityEditor.WindowsStandalone.Extensions.dll
Registered in 0.000998 seconds.
Native extension for WindowsStandalone target not found
Refreshing native plugins compatible for Editor in 28.52 ms, found 2 plugins.
Preloading 0 native plugins for Editor in 0.00 ms.
Mono: successfully reloaded assembly
- Completed reload, in  1.836 seconds
Platform modules already initialized, skipping
Registering precompiled user dll's ...
Registered in 0.002247 seconds.
Begin MonoManager ReloadAssembly
Native extension for WindowsStandalone target not found
Refreshing native plugins compatible for Editor in 0.33 ms, found 2 plugins.
Preloading 0 native plugins for Editor in 0.00 ms.
Mono: successfully reloaded assembly
- Completed reload, in  1.066 seconds
Platform modules already initialized, skipping
========================================================================
Worker process is ready to serve import requests
Launched and connected shader compiler UnityShaderCompiler.exe after 0.03 seconds
Refreshing native plugins compatible for Editor in 0.32 ms, found 2 plugins.
Preloading 0 native plugins for Editor in 0.00 ms.
Unloading 1406 Unused Serialized files (Serialized files now loaded: 0)
System memory in use before: 65.6 MB.
System memory in use after: 65.6 MB.

Unloading 19 unused Assets to reduce memory usage. Loaded Objects now: 1840.
Total: 1.962000 ms (FindLiveObjects: 0.152600 ms CreateObjectMapping: 0.034100 ms MarkObjects: 1.688100 ms  DeleteObjects: 0.085600 ms)

========================================================================
Received Import Request.
  path: Assets/Scripts/FractureMechanicsSystem.cs
  artifactKey: Guid(d29b2c09e09a75b4b8bd7b439621159e) Importer(815301076,1909f56bfc062723c751e8b465ee728b)
Start importing Assets/Scripts/FractureMechanicsSystem.cs using Guid(d29b2c09e09a75b4b8bd7b439621159e) Importer(815301076,1909f56bfc062723c751e8b465ee728b)  -> (artifact id: '9ad68680e0cb7167fdf4ec04e203ac05') in 0.017112 seconds
  Import took 0.019307 seconds .

========================================================================
Received Import Request.
  Time since last request: 35.062886 seconds.
  path: Assets/Scripts/FractureMechanicsSystem.cs
  artifactKey: Guid(d29b2c09e09a75b4b8bd7b439621159e) Importer(815301076,1909f56bfc062723c751e8b465ee728b)
Start importing Assets/Scripts/FractureMechanicsSystem.cs using Guid(d29b2c09e09a75b4b8bd7b439621159e) Importer(815301076,1909f56bfc062723c751e8b465ee728b)  -> (artifact id: '12871050fcebaeb623efb777a848375d') in 0.001626 seconds
  Import took 0.004256 seconds .

========================================================================
Received Prepare
Registering precompiled user dll's ...
Registered in 0.002446 seconds.
Begin MonoManager ReloadAssembly
Native extension for WindowsStandalone target not found
Refreshing native plugins compatible for Editor in 0.38 ms, found 2 plugins.
Preloading 0 native plugins for Editor in 0.00 ms.
Mono: successfully reloaded assembly
- Completed reload, in  1.037 seconds
Platform modules already initialized, skipping
Refreshing native plugins compatible for Editor in 0.32 ms, found 2 plugins.
Preloading 0 native plugins for Editor in 0.00 ms.
Unloading 1401 Unused Serialized files (Serialized files now loaded: 0)
System memory in use before: 65.5 MB.
System memory in use after: 65.6 MB.

Unloading 14 unused Assets to reduce memory usage. Loaded Objects now: 1843.
Total: 2.028900 ms (FindLiveObjects: 0.173100 ms CreateObjectMapping: 0.033700 ms MarkObjects: 1.757400 ms  DeleteObjects: 0.063000 ms)

========================================================================
Received Prepare
Registering precompiled user dll's ...
Registered in 0.002306 seconds.
Begin MonoManager ReloadAssembly
Native extension for WindowsStandalone target not found
Refreshing native plugins compatible for Editor in 0.34 ms, found 2 plugins.
Preloading 0 native plugins for Editor in 0.00 ms.
Mono: successfully reloaded assembly
- Completed reload, in  1.045 seconds
Platform modules already initialized, skipping
Refreshing native plugins compatible for Editor in 0.34 ms, found 2 plugins.
Preloading 0 native plugins for Editor in 0.00 ms.
Unloading 1401 Unused Serialized files (Serialized files now loaded: 0)
System memory in use before: 65.5 MB.
System memory in use after: 65.6 MB.

Unloading 14 unused Assets to reduce memory usage. Loaded Objects now: 1846.
Total: 2.237300 ms (FindLiveObjects: 0.173100 ms CreateObjectMapping: 0.034000 ms MarkObjects: 1.960000 ms  DeleteObjects: 0.068600 ms)

========================================================================
Received Import Request.
  Time since last request: 9.305787 seconds.
  path: Assets/Scripts/FractureMechanicsSystem.cs
  artifactKey: Guid(d29b2c09e09a75b4b8bd7b439621159e) Importer(815301076,1909f56bfc062723c751e8b465ee728b)
Start importing Assets/Scripts/FractureMechanicsSystem.cs using Guid(d29b2c09e09a75b4b8bd7b439621159e) Importer(815301076,1909f56bfc062723c751e8b465ee728b)  -> (artifact id: 'e04546025ac6a56299a971948843871b') in 0.004200 seconds
  Import took 0.006855 seconds .

========================================================================
Received Import Request.
  Time since last request: 3.532389 seconds.
  path: Assets/Prefabs/Asteroid.prefab
  artifactKey: Guid(db287a3bbdc43bd4dacb6a1fcd4b3afb) Importer(815301076,1909f56bfc062723c751e8b465ee728b)
Start importing Assets/Prefabs/Asteroid.prefab using Guid(db287a3bbdc43bd4dacb6a1fcd4b3afb) Importer(815301076,1909f56bfc062723c751e8b465ee728b)  -> (artifact id: '6adda066ff6d030c68ebdb783d0ab7a0') in 0.087746 seconds
  Import took 0.090767 seconds .

========================================================================
Received Import Request.
  Time since last request: 1.297820 seconds.
  path: Assets/Prefabs/Asteroid.prefab
  artifactKey: Guid(db287a3bbdc43bd4dacb6a1fcd4b3afb) Importer(815301076,1909f56bfc062723c751e8b465ee728b)
Start importing Assets/Prefabs/Asteroid.prefab using Guid(db287a3bbdc43bd4dacb6a1fcd4b3afb) Importer(815301076,1909f56bfc062723c751e8b465ee728b)  -> (artifact id: '23755cc77c8f51652670f8b8296836f9') in 0.009749 seconds
  Import took 0.012084 seconds .

========================================================================
Received Import Request.
  Time since last request: 0.593234 seconds.
  path: Assets/Prefabs/Asteroid.prefab
  artifactKey: Guid(db287a3bbdc43bd4dacb6a1fcd4b3afb) Importer(815301076,1909f56bfc062723c751e8b465ee728b)
Start importing Assets/Prefabs/Asteroid.prefab using Guid(db287a3bbdc43bd4dacb6a1fcd4b3afb) Importer(815301076,1909f56bfc062723c751e8b465ee728b)  -> (artifact id: '2c21455866f3c9deea70a78de6faf156') in 0.007024 seconds
  Import took 0.009388 seconds .

========================================================================
Received Prepare
Registering precompiled user dll's ...
Registered in 0.002119 seconds.
Begin MonoManager ReloadAssembly
Native extension for WindowsStandalone target not found
Refreshing native plugins compatible for Editor in 0.34 ms, found 2 plugins.
Preloading 0 native plugins for Editor in 0.00 ms.
Mono: successfully reloaded assembly
- Completed reload, in  1.002 seconds
Platform modules already initialized, skipping
Refreshing native plugins compatible for Editor in 0.33 ms, found 2 plugins.
Preloading 0 native plugins for Editor in 0.00 ms.
Unloading 1401 Unused Serialized files (Serialized files now loaded: 0)
System memory in use before: 68.7 MB.
System memory in use after: 68.7 MB.

Unloading 14 unused Assets to reduce memory usage. Loaded Objects now: 1857.
Total: 2.082400 ms (FindLiveObjects: 0.154800 ms CreateObjectMapping: 0.034500 ms MarkObjects: 1.823400 ms  DeleteObjects: 0.068500 ms)

========================================================================
Received Prepare
Registering precompiled user dll's ...
Registered in 0.002148 seconds.
Begin MonoManager ReloadAssembly
Native extension for WindowsStandalone target not found
Refreshing native plugins compatible for Editor in 0.33 ms, found 2 plugins.
Preloading 0 native plugins for Editor in 0.00 ms.
Mono: successfully reloaded assembly
- Completed reload, in  1.002 seconds
Platform modules already initialized, skipping
Refreshing native plugins compatible for Editor in 0.32 ms, found 2 plugins.
Preloading 0 native plugins for Editor in 0.00 ms.
Unloading 1401 Unused Serialized files (Serialized files now loaded: 0)
System memory in use before: 68.7 MB.
System memory in use after: 68.8 MB.

Unloading 14 unused Assets to reduce memory usage. Loaded Objects now: 1860.
Total: 2.334900 ms (FindLiveObjects: 0.233100 ms CreateObjectMapping: 0.038900 ms MarkObjects: 1.988000 ms  DeleteObjects: 0.073800 ms)

========================================================================
Received Prepare
Registering precompiled user dll's ...
Registered in 0.002198 seconds.
Begin MonoManager ReloadAssembly
Native extension for WindowsStandalone target not found
Refreshing native plugins compatible for Editor in 0.33 ms, found 2 plugins.
Preloading 0 native plugins for Editor in 0.00 ms.
Mono: successfully reloaded assembly
- Completed reload, in  1.001 seconds
Platform modules already initialized, skipping
Refreshing native plugins compatible for Editor in 0.32 ms, found 2 plugins.
Preloading 0 native plugins for Editor in 0.00 ms.
Unloading 1401 Unused Serialized files (Serialized files now loaded: 0)
System memory in use before: 68.7 MB.
System memory in use after: 68.8 MB.

Unloading 14 unused Assets to reduce memory usage. Loaded Objects now: 1863.
Total: 2.179800 ms (FindLiveObjects: 0.177000 ms CreateObjectMapping: 0.037100 ms MarkObjects: 1.888700 ms  DeleteObjects: 0.075700 ms)

========================================================================
Received Prepare
Registering precompiled user dll's ...
Registered in 0.002111 seconds.
Begin MonoManager ReloadAssembly
Native extension for WindowsStandalone target not found
Refreshing native plugins compatible for Editor in 0.33 ms, found 2 plugins.
Preloading 0 native plugins for Editor in 0.00 ms.
Mono: successfully reloaded assembly
- Completed reload, in  0.983 seconds
Platform modules already initialized, skipping
Refreshing native plugins compatible for Editor in 0.40 ms, found 2 plugins.
Preloading 0 native plugins for Editor in 0.00 ms.
Unloading 1401 Unused Serialized files (Serialized files now loaded: 0)
System memory in use before: 68.7 MB.
System memory in use after: 68.8 MB.

Unloading 14 unused Assets to reduce memory usage. Loaded Objects now: 1866.
Total: 2.116200 ms (FindLiveObjects: 0.164400 ms CreateObjectMapping: 0.034600 ms MarkObjects: 1.844100 ms  DeleteObjects: 0.071600 ms)

========================================================================
Received Prepare
Registering precompiled user dll's ...
Registered in 0.002341 seconds.
Begin MonoManager ReloadAssembly
Native extension for WindowsStandalone target not found
Refreshing native plugins compatible for Editor in 0.32 ms, found 2 plugins.
Preloading 0 native plugins for Editor in 0.00 ms.
Mono: successfully reloaded assembly
- Completed reload, in  0.984 seconds
Platform modules already initialized, skipping
Refreshing native plugins compatible for Editor in 0.33 ms, found 2 plugins.
Preloading 0 native plugins for Editor in 0.00 ms.
Unloading 1401 Unused Serialized files (Serialized files now loaded: 0)
System memory in use before: 68.7 MB.
System memory in use after: 68.8 MB.

Unloading 14 unused Assets to reduce memory usage. Loaded Objects now: 1869.
Total: 1.923400 ms (FindLiveObjects: 0.174300 ms CreateObjectMapping: 0.033400 ms MarkObjects: 1.653400 ms  DeleteObjects: 0.061200 ms)

========================================================================
Received Import Request.
  Time since last request: 1218.452100 seconds.
  path: Assets/Scripts/Systems
  artifactKey: Guid(c5efe6f46acf01041a764ae3127f1a33) Importer(815301076,1909f56bfc062723c751e8b465ee728b)
Start importing Assets/Scripts/Systems using Guid(c5efe6f46acf01041a764ae3127f1a33) Importer(815301076,1909f56bfc062723c751e8b465ee728b)  -> (artifact id: 'c2a4e9bb2e813b264f44b0c40a989bb4') in 0.004246 seconds
  Import took 0.006600 seconds .

========================================================================
Received Prepare
Registering precompiled user dll's ...
Registered in 0.002266 seconds.
Begin MonoManager ReloadAssembly
Native extension for WindowsStandalone target not found
Refreshing native plugins compatible for Editor in 0.33 ms, found 2 plugins.
Preloading 0 native plugins for Editor in 0.00 ms.
Mono: successfully reloaded assembly
- Completed reload, in  0.997 seconds
Platform modules already initialized, skipping
Refreshing native plugins compatible for Editor in 0.33 ms, found 2 plugins.
Preloading 0 native plugins for Editor in 0.00 ms.
Unloading 1401 Unused Serialized files (Serialized files now loaded: 0)
System memory in use before: 68.7 MB.
System memory in use after: 68.8 MB.

Unloading 14 unused Assets to reduce memory usage. Loaded Objects now: 1872.
Total: 2.164700 ms (FindLiveObjects: 0.180200 ms CreateObjectMapping: 0.034100 ms MarkObjects: 1.874000 ms  DeleteObjects: 0.074900 ms)

========================================================================
Received Prepare
Registering precompiled user dll's ...
Registered in 0.003564 seconds.
Begin MonoManager ReloadAssembly
Native extension for WindowsStandalone target not found
Refreshing native plugins compatible for Editor in 0.33 ms, found 2 plugins.
Preloading 0 native plugins for Editor in 0.00 ms.
Mono: successfully reloaded assembly
- Completed reload, in  0.998 seconds
Platform modules already initialized, skipping
Refreshing native plugins compatible for Editor in 0.33 ms, found 2 plugins.
Preloading 0 native plugins for Editor in 0.00 ms.
Unloading 1401 Unused Serialized files (Serialized files now loaded: 0)
System memory in use before: 68.7 MB.
System memory in use after: 68.8 MB.

Unloading 14 unused Assets to reduce memory usage. Loaded Objects now: 1875.
Total: 1.932900 ms (FindLiveObjects: 0.156200 ms CreateObjectMapping: 0.034400 ms MarkObjects: 1.681200 ms  DeleteObjects: 0.059800 ms)

========================================================================
Received Prepare
Registering precompiled user dll's ...
Registered in 0.002094 seconds.
Begin MonoManager ReloadAssembly
Native extension for WindowsStandalone target not found
Refreshing native plugins compatible for Editor in 0.32 ms, found 2 plugins.
Preloading 0 native plugins for Editor in 0.00 ms.
Mono: successfully reloaded assembly
- Completed reload, in  0.986 seconds
Platform modules already initialized, skipping
Refreshing native plugins compatible for Editor in 0.32 ms, found 2 plugins.
Preloading 0 native plugins for Editor in 0.00 ms.
Unloading 1401 Unused Serialized files (Serialized files now loaded: 0)
System memory in use before: 68.7 MB.
System memory in use after: 68.8 MB.

Unloading 14 unused Assets to reduce memory usage. Loaded Objects now: 1878.
Total: 1.967400 ms (FindLiveObjects: 0.165200 ms CreateObjectMapping: 0.034500 ms MarkObjects: 1.708500 ms  DeleteObjects: 0.058400 ms)

========================================================================
Received Prepare
Registering precompiled user dll's ...
Registered in 0.002134 seconds.
Begin MonoManager ReloadAssembly
Native extension for WindowsStandalone target not found
Refreshing native plugins compatible for Editor in 0.32 ms, found 2 plugins.
Preloading 0 native plugins for Editor in 0.00 ms.
Mono: successfully reloaded assembly
- Completed reload, in  0.995 seconds
Platform modules already initialized, skipping
Refreshing native plugins compatible for Editor in 0.35 ms, found 2 plugins.
Preloading 0 native plugins for Editor in 0.00 ms.
Unloading 1401 Unused Serialized files (Serialized files now loaded: 0)
System memory in use before: 68.7 MB.
System memory in use after: 68.8 MB.

Unloading 14 unused Assets to reduce memory usage. Loaded Objects now: 1881.
Total: 2.180900 ms (FindLiveObjects: 0.178500 ms CreateObjectMapping: 0.034100 ms MarkObjects: 1.889900 ms  DeleteObjects: 0.076300 ms)

========================================================================
Received Prepare
Registering precompiled user dll's ...
Registered in 0.002151 seconds.
Begin MonoManager ReloadAssembly
Native extension for WindowsStandalone target not found
Refreshing native plugins compatible for Editor in 0.33 ms, found 2 plugins.
Preloading 0 native plugins for Editor in 0.00 ms.
Mono: successfully reloaded assembly
- Completed reload, in  0.999 seconds
Platform modules already initialized, skipping
Refreshing native plugins compatible for Editor in 0.34 ms, found 2 plugins.
Preloading 0 native plugins for Editor in 0.00 ms.
Unloading 1401 Unused Serialized files (Serialized files now loaded: 0)
System memory in use before: 68.7 MB.
System memory in use after: 68.8 MB.

Unloading 14 unused Assets to reduce memory usage. Loaded Objects now: 1884.
Total: 1.906800 ms (FindLiveObjects: 0.149900 ms CreateObjectMapping: 0.034500 ms MarkObjects: 1.661500 ms  DeleteObjects: 0.059800 ms)

========================================================================
Received Prepare
Registering precompiled user dll's ...
Registered in 0.002121 seconds.
Begin MonoManager ReloadAssembly
Native extension for WindowsStandalone target not found
Refreshing native plugins compatible for Editor in 0.33 ms, found 2 plugins.
Preloading 0 native plugins for Editor in 0.00 ms.
Mono: successfully reloaded assembly
- Completed reload, in  0.997 seconds
Platform modules already initialized, skipping
Refreshing native plugins compatible for Editor in 0.32 ms, found 2 plugins.
Preloading 0 native plugins for Editor in 0.00 ms.
Unloading 1401 Unused Serialized files (Serialized files now loaded: 0)
System memory in use before: 68.7 MB.
System memory in use after: 68.8 MB.

Unloading 14 unused Assets to reduce memory usage. Loaded Objects now: 1887.
Total: 2.025700 ms (FindLiveObjects: 0.186600 ms CreateObjectMapping: 0.036800 ms MarkObjects: 1.741500 ms  DeleteObjects: 0.059200 ms)

========================================================================
Received Prepare
Registering precompiled user dll's ...
Registered in 0.002081 seconds.
Begin MonoManager ReloadAssembly
Native extension for WindowsStandalone target not found
Refreshing native plugins compatible for Editor in 0.34 ms, found 2 plugins.
Preloading 0 native plugins for Editor in 0.00 ms.
Mono: successfully reloaded assembly
- Completed reload, in  0.987 seconds
Platform modules already initialized, skipping
Refreshing native plugins compatible for Editor in 0.33 ms, found 2 plugins.
Preloading 0 native plugins for Editor in 0.00 ms.
Unloading 1401 Unused Serialized files (Serialized files now loaded: 0)
System memory in use before: 68.7 MB.
System memory in use after: 68.8 MB.

Unloading 14 unused Assets to reduce memory usage. Loaded Objects now: 1890.
Total: 1.985500 ms (FindLiveObjects: 0.153500 ms CreateObjectMapping: 0.035200 ms MarkObjects: 1.730000 ms  DeleteObjects: 0.065900 ms)

========================================================================
Received Import Request.
  Time since last request: 60.965330 seconds.
  path: Assets/Scripts/BaseCharacter.cs
  artifactKey: Guid(3bfdc4c358fa6b44c89bd3fc1305532a) Importer(815301076,1909f56bfc062723c751e8b465ee728b)
Start importing Assets/Scripts/BaseCharacter.cs using Guid(3bfdc4c358fa6b44c89bd3fc1305532a) Importer(815301076,1909f56bfc062723c751e8b465ee728b)  -> (artifact id: 'c1e083bc8b12c72c0ff2383bd1565da4') in 0.003960 seconds
  Import took 0.006326 seconds .

========================================================================
Received Import Request.
  Time since last request: 0.000833 seconds.
  path: Assets/Scripts/BaseCharacter.cs
  artifactKey: Guid(3bfdc4c358fa6b44c89bd3fc1305532a) Importer(815301076,1909f56bfc062723c751e8b465ee728b)
Start importing Assets/Scripts/BaseCharacter.cs using Guid(3bfdc4c358fa6b44c89bd3fc1305532a) Importer(815301076,1909f56bfc062723c751e8b465ee728b)  -> (artifact id: 'c1e083bc8b12c72c0ff2383bd1565da4') in 0.001202 seconds
  Import took 0.003374 seconds .

========================================================================
Received Import Request.
  Time since last request: 25.308699 seconds.
  path: Assets/Scripts/Bullet.cs
  artifactKey: Guid(b478606e4906a444780f21debe67aa06) Importer(815301076,1909f56bfc062723c751e8b465ee728b)
Start importing Assets/Scripts/Bullet.cs using Guid(b478606e4906a444780f21debe67aa06) Importer(815301076,1909f56bfc062723c751e8b465ee728b)  -> (artifact id: '5d695e388413234df87187fe290a366e') in 0.001221 seconds
  Import took 0.003634 seconds .

========================================================================
Received Import Request.
  Time since last request: 0.001086 seconds.
  path: Assets/Scripts/Bullet.cs
  artifactKey: Guid(b478606e4906a444780f21debe67aa06) Importer(815301076,1909f56bfc062723c751e8b465ee728b)
Start importing Assets/Scripts/Bullet.cs using Guid(b478606e4906a444780f21debe67aa06) Importer(815301076,1909f56bfc062723c751e8b465ee728b)  -> (artifact id: '5d695e388413234df87187fe290a366e') in 0.001161 seconds
  Import took 0.003284 seconds .

========================================================================
Received Prepare
Registering precompiled user dll's ...
Registered in 0.002280 seconds.
Begin MonoManager ReloadAssembly
Native extension for WindowsStandalone target not found
Refreshing native plugins compatible for Editor in 0.37 ms, found 2 plugins.
Preloading 0 native plugins for Editor in 0.00 ms.
Mono: successfully reloaded assembly
- Completed reload, in  0.983 seconds
Platform modules already initialized, skipping
Refreshing native plugins compatible for Editor in 0.34 ms, found 2 plugins.
Preloading 0 native plugins for Editor in 0.00 ms.
Unloading 1400 Unused Serialized files (Serialized files now loaded: 0)
System memory in use before: 68.7 MB.
System memory in use after: 68.8 MB.

Unloading 15 unused Assets to reduce memory usage. Loaded Objects now: 1892.
Total: 1.920700 ms (FindLiveObjects: 0.162600 ms CreateObjectMapping: 0.034900 ms MarkObjects: 1.657900 ms  DeleteObjects: 0.064500 ms)

========================================================================
Received Prepare
Registering precompiled user dll's ...
Registered in 0.002130 seconds.
Begin MonoManager ReloadAssembly
Native extension for WindowsStandalone target not found
Refreshing native plugins compatible for Editor in 0.32 ms, found 2 plugins.
Preloading 0 native plugins for Editor in 0.00 ms.
Mono: successfully reloaded assembly
- Completed reload, in  0.974 seconds
Platform modules already initialized, skipping
Refreshing native plugins compatible for Editor in 0.35 ms, found 2 plugins.
Preloading 0 native plugins for Editor in 0.00 ms.
Unloading 1400 Unused Serialized files (Serialized files now loaded: 0)
System memory in use before: 68.7 MB.
System memory in use after: 68.8 MB.

Unloading 14 unused Assets to reduce memory usage. Loaded Objects now: 1895.
Total: 1.927800 ms (FindLiveObjects: 0.170800 ms CreateObjectMapping: 0.034500 ms MarkObjects: 1.661600 ms  DeleteObjects: 0.059700 ms)

========================================================================
Received Prepare
Registering precompiled user dll's ...
Registered in 0.002113 seconds.
Begin MonoManager ReloadAssembly
Native extension for WindowsStandalone target not found
Refreshing native plugins compatible for Editor in 0.32 ms, found 2 plugins.
Preloading 0 native plugins for Editor in 0.00 ms.
Mono: successfully reloaded assembly
- Completed reload, in  0.977 seconds
Platform modules already initialized, skipping
Refreshing native plugins compatible for Editor in 0.32 ms, found 2 plugins.
Preloading 0 native plugins for Editor in 0.00 ms.
Unloading 1400 Unused Serialized files (Serialized files now loaded: 0)
System memory in use before: 68.7 MB.
System memory in use after: 68.8 MB.

Unloading 14 unused Assets to reduce memory usage. Loaded Objects now: 1898.
Total: 1.924500 ms (FindLiveObjects: 0.158500 ms CreateObjectMapping: 0.035900 ms MarkObjects: 1.662500 ms  DeleteObjects: 0.066400 ms)

========================================================================
Received Import Request.
  Time since last request: 62.653602 seconds.
  path: Assets/Scripts/NewBehaviourScript.cs
  artifactKey: Guid(04385e34853830f488944d9c67a9b119) Importer(815301076,1909f56bfc062723c751e8b465ee728b)
Start importing Assets/Scripts/NewBehaviourScript.cs using Guid(04385e34853830f488944d9c67a9b119) Importer(815301076,1909f56bfc062723c751e8b465ee728b)  -> (artifact id: 'db9af81ca7c5b50b46b0c3b3303d3c4c') in 0.004228 seconds
  Import took 0.006565 seconds .

========================================================================
Received Import Request.
  Time since last request: 0.000634 seconds.
  path: Assets/Scripts/NewBehaviourScript.cs
  artifactKey: Guid(04385e34853830f488944d9c67a9b119) Importer(815301076,1909f56bfc062723c751e8b465ee728b)
Start importing Assets/Scripts/NewBehaviourScript.cs using Guid(04385e34853830f488944d9c67a9b119) Importer(815301076,1909f56bfc062723c751e8b465ee728b)  -> (artifact id: 'db9af81ca7c5b50b46b0c3b3303d3c4c') in 0.001328 seconds
  Import took 0.003636 seconds .

========================================================================
Received Prepare
Registering precompiled user dll's ...
Registered in 0.002093 seconds.
Begin MonoManager ReloadAssembly
Native extension for WindowsStandalone target not found
Refreshing native plugins compatible for Editor in 0.34 ms, found 2 plugins.
Preloading 0 native plugins for Editor in 0.00 ms.
Mono: successfully reloaded assembly
- Completed reload, in  0.981 seconds
Platform modules already initialized, skipping
Refreshing native plugins compatible for Editor in 0.33 ms, found 2 plugins.
Preloading 0 native plugins for Editor in 0.00 ms.
Unloading 1401 Unused Serialized files (Serialized files now loaded: 0)
System memory in use before: 68.8 MB.
System memory in use after: 68.8 MB.

Unloading 14 unused Assets to reduce memory usage. Loaded Objects now: 1902.
Total: 1.955400 ms (FindLiveObjects: 0.154100 ms CreateObjectMapping: 0.034600 ms MarkObjects: 1.707600 ms  DeleteObjects: 0.057800 ms)

========================================================================
Received Import Request.
  Time since last request: 13.002104 seconds.
  path: Assets/Scripts/BaseScripts
  artifactKey: Guid(235fc44367432bd4b872f3aa2e9f6fb6) Importer(815301076,1909f56bfc062723c751e8b465ee728b)
Start importing Assets/Scripts/BaseScripts using Guid(235fc44367432bd4b872f3aa2e9f6fb6) Importer(815301076,1909f56bfc062723c751e8b465ee728b)  -> (artifact id: '684b93ebc8740a31b8215fd3e2cfba7f') in 0.004097 seconds
  Import took 0.006232 seconds .

========================================================================
Received Import Request.
  Time since last request: 0.010418 seconds.
  path: Assets/Scripts/BaseScripts
  artifactKey: Guid(235fc44367432bd4b872f3aa2e9f6fb6) Importer(815301076,1909f56bfc062723c751e8b465ee728b)
Start importing Assets/Scripts/BaseScripts using Guid(235fc44367432bd4b872f3aa2e9f6fb6) Importer(815301076,1909f56bfc062723c751e8b465ee728b)  -> (artifact id: '684b93ebc8740a31b8215fd3e2cfba7f') in 0.001124 seconds
  Import took 0.003096 seconds .

========================================================================
Received Prepare
Registering precompiled user dll's ...
Registered in 0.002423 seconds.
Begin MonoManager ReloadAssembly
Native extension for WindowsStandalone target not found
Refreshing native plugins compatible for Editor in 0.32 ms, found 2 plugins.
Preloading 0 native plugins for Editor in 0.00 ms.
Mono: successfully reloaded assembly
- Completed reload, in  0.974 seconds
Platform modules already initialized, skipping
Refreshing native plugins compatible for Editor in 0.32 ms, found 2 plugins.
Preloading 0 native plugins for Editor in 0.00 ms.
Unloading 1400 Unused Serialized files (Serialized files now loaded: 0)
System memory in use before: 68.7 MB.
System memory in use after: 68.8 MB.

Unloading 15 unused Assets to reduce memory usage. Loaded Objects now: 1904.
Total: 1.939800 ms (FindLiveObjects: 0.157700 ms CreateObjectMapping: 0.034600 ms MarkObjects: 1.684800 ms  DeleteObjects: 0.061600 ms)

========================================================================
Received Prepare
Registering precompiled user dll's ...
Registered in 0.002142 seconds.
Begin MonoManager ReloadAssembly
Native extension for WindowsStandalone target not found
Refreshing native plugins compatible for Editor in 0.33 ms, found 2 plugins.
Preloading 0 native plugins for Editor in 0.00 ms.
Mono: successfully reloaded assembly
- Completed reload, in  0.971 seconds
Platform modules already initialized, skipping
Refreshing native plugins compatible for Editor in 0.32 ms, found 2 plugins.
Preloading 0 native plugins for Editor in 0.00 ms.
Unloading 1400 Unused Serialized files (Serialized files now loaded: 0)
System memory in use before: 68.8 MB.
System memory in use after: 68.9 MB.

Unloading 14 unused Assets to reduce memory usage. Loaded Objects now: 1907.
Total: 1.990500 ms (FindLiveObjects: 0.178900 ms CreateObjectMapping: 0.034800 ms MarkObjects: 1.713500 ms  DeleteObjects: 0.062200 ms)

========================================================================
Received Import Request.
  Time since last request: 15.730575 seconds.
  path: Assets/Scripts/BaseSystem.cs
  artifactKey: Guid(cdfc53d55b4d8ef44af6557b6e2e2639) Importer(815301076,1909f56bfc062723c751e8b465ee728b)
Start importing Assets/Scripts/BaseSystem.cs using Guid(cdfc53d55b4d8ef44af6557b6e2e2639) Importer(815301076,1909f56bfc062723c751e8b465ee728b)  -> (artifact id: 'c60662adb5d47d31bb6d12f92117cfdd') in 0.003863 seconds
  Import took 0.006088 seconds .

========================================================================
Received Import Request.
  Time since last request: 0.006188 seconds.
  path: Assets/Scripts/BaseSystem.cs
  artifactKey: Guid(cdfc53d55b4d8ef44af6557b6e2e2639) Importer(815301076,1909f56bfc062723c751e8b465ee728b)
Start importing Assets/Scripts/BaseSystem.cs using Guid(cdfc53d55b4d8ef44af6557b6e2e2639) Importer(815301076,1909f56bfc062723c751e8b465ee728b)  -> (artifact id: 'c60662adb5d47d31bb6d12f92117cfdd') in 0.001440 seconds
  Import took 0.003476 seconds .

========================================================================
Received Prepare
Registering precompiled user dll's ...
Registered in 0.002136 seconds.
Begin MonoManager ReloadAssembly
Native extension for WindowsStandalone target not found
Refreshing native plugins compatible for Editor in 0.32 ms, found 2 plugins.
Preloading 0 native plugins for Editor in 0.00 ms.
Mono: successfully reloaded assembly
- Completed reload, in  0.984 seconds
Platform modules already initialized, skipping
Refreshing native plugins compatible for Editor in 0.34 ms, found 2 plugins.
Preloading 0 native plugins for Editor in 0.00 ms.
Unloading 1400 Unused Serialized files (Serialized files now loaded: 0)
System memory in use before: 68.8 MB.
System memory in use after: 68.9 MB.

Unloading 14 unused Assets to reduce memory usage. Loaded Objects now: 1910.
Total: 1.940900 ms (FindLiveObjects: 0.152600 ms CreateObjectMapping: 0.035400 ms MarkObjects: 1.692100 ms  DeleteObjects: 0.059800 ms)

========================================================================
Received Prepare
Registering precompiled user dll's ...
Registered in 0.002096 seconds.
Begin MonoManager ReloadAssembly
Native extension for WindowsStandalone target not found
Refreshing native plugins compatible for Editor in 0.32 ms, found 2 plugins.
Preloading 0 native plugins for Editor in 0.00 ms.
Mono: successfully reloaded assembly
- Completed reload, in  0.983 seconds
Platform modules already initialized, skipping
Refreshing native plugins compatible for Editor in 0.32 ms, found 2 plugins.
Preloading 0 native plugins for Editor in 0.00 ms.
Unloading 1400 Unused Serialized files (Serialized files now loaded: 0)
System memory in use before: 68.8 MB.
System memory in use after: 68.9 MB.

Unloading 14 unused Assets to reduce memory usage. Loaded Objects now: 1913.
Total: 1.960700 ms (FindLiveObjects: 0.161600 ms CreateObjectMapping: 0.035400 ms MarkObjects: 1.701600 ms  DeleteObjects: 0.061100 ms)

========================================================================
Received Prepare
Registering precompiled user dll's ...
Registered in 0.002135 seconds.
Begin MonoManager ReloadAssembly
Native extension for WindowsStandalone target not found
Refreshing native plugins compatible for Editor in 0.32 ms, found 2 plugins.
Preloading 0 native plugins for Editor in 0.00 ms.
Mono: successfully reloaded assembly
- Completed reload, in  0.974 seconds
Platform modules already initialized, skipping
Refreshing native plugins compatible for Editor in 0.31 ms, found 2 plugins.
Preloading 0 native plugins for Editor in 0.00 ms.
Unloading 1401 Unused Serialized files (Serialized files now loaded: 0)
System memory in use before: 68.8 MB.
System memory in use after: 68.9 MB.

Unloading 14 unused Assets to reduce memory usage. Loaded Objects now: 1917.
Total: 2.048600 ms (FindLiveObjects: 0.166300 ms CreateObjectMapping: 0.034800 ms MarkObjects: 1.782100 ms  DeleteObjects: 0.064500 ms)

========================================================================
Received Import Request.
  Time since last request: 53.365776 seconds.
  path: Assets/Scripts/Mechanics
  artifactKey: Guid(6794acae491e84147932bc28aadd3026) Importer(815301076,1909f56bfc062723c751e8b465ee728b)
Start importing Assets/Scripts/Mechanics using Guid(6794acae491e84147932bc28aadd3026) Importer(815301076,1909f56bfc062723c751e8b465ee728b)  -> (artifact id: 'b7c87d6e852802ec9d042015a8fbd879') in 0.003955 seconds
  Import took 0.006220 seconds .

========================================================================
Received Import Request.
  Time since last request: 0.010531 seconds.
  path: Assets/Scripts/Mechanics
  artifactKey: Guid(6794acae491e84147932bc28aadd3026) Importer(815301076,1909f56bfc062723c751e8b465ee728b)
Start importing Assets/Scripts/Mechanics using Guid(6794acae491e84147932bc28aadd3026) Importer(815301076,1909f56bfc062723c751e8b465ee728b)  -> (artifact id: 'b7c87d6e852802ec9d042015a8fbd879') in 0.001239 seconds
  Import took 0.003289 seconds .

========================================================================
Received Import Request.
  Time since last request: 3.002597 seconds.
  path: Assets/Scripts/ShootingMechanics.cs
  artifactKey: Guid(9aef184a65176434fa8ea9184c80c206) Importer(815301076,1909f56bfc062723c751e8b465ee728b)
Start importing Assets/Scripts/ShootingMechanics.cs using Guid(9aef184a65176434fa8ea9184c80c206) Importer(815301076,1909f56bfc062723c751e8b465ee728b)  -> (artifact id: '008bca4bbb99c6bb6793e85db8b7ca4a') in 0.001381 seconds
  Import took 0.003609 seconds .

========================================================================
Received Import Request.
  Time since last request: 0.004741 seconds.
  path: Assets/Scripts/ShootingMechanics.cs
  artifactKey: Guid(9aef184a65176434fa8ea9184c80c206) Importer(815301076,1909f56bfc062723c751e8b465ee728b)
Start importing Assets/Scripts/ShootingMechanics.cs using Guid(9aef184a65176434fa8ea9184c80c206) Importer(815301076,1909f56bfc062723c751e8b465ee728b)  -> (artifact id: '008bca4bbb99c6bb6793e85db8b7ca4a') in 0.001190 seconds
  Import took 0.003361 seconds .

========================================================================
Received Prepare
Registering precompiled user dll's ...
Registered in 0.002117 seconds.
Begin MonoManager ReloadAssembly
Native extension for WindowsStandalone target not found
Refreshing native plugins compatible for Editor in 0.32 ms, found 2 plugins.
Preloading 0 native plugins for Editor in 0.00 ms.
Mono: successfully reloaded assembly
- Completed reload, in  0.984 seconds
Platform modules already initialized, skipping
Refreshing native plugins compatible for Editor in 0.33 ms, found 2 plugins.
Preloading 0 native plugins for Editor in 0.00 ms.
Unloading 1401 Unused Serialized files (Serialized files now loaded: 0)
System memory in use before: 68.8 MB.
System memory in use after: 68.9 MB.

Unloading 14 unused Assets to reduce memory usage. Loaded Objects now: 1920.
Total: 1.999300 ms (FindLiveObjects: 0.163500 ms CreateObjectMapping: 0.036600 ms MarkObjects: 1.736800 ms  DeleteObjects: 0.061500 ms)

========================================================================
Received Import Request.
  Time since last request: 7.152766 seconds.
  path: Assets/Scripts/FlashingMechanics.cs
  artifactKey: Guid(255ebf603981e3f4cb91f590ff8625a1) Importer(815301076,1909f56bfc062723c751e8b465ee728b)
Start importing Assets/Scripts/FlashingMechanics.cs using Guid(255ebf603981e3f4cb91f590ff8625a1) Importer(815301076,1909f56bfc062723c751e8b465ee728b)  -> (artifact id: 'c75bea29386bdd69c5d983d227f53ecd') in 0.003833 seconds
  Import took 0.006085 seconds .

========================================================================
Received Import Request.
  Time since last request: 0.002486 seconds.
  path: Assets/Scripts/FlashingMechanics.cs
  artifactKey: Guid(255ebf603981e3f4cb91f590ff8625a1) Importer(815301076,1909f56bfc062723c751e8b465ee728b)
Start importing Assets/Scripts/FlashingMechanics.cs using Guid(255ebf603981e3f4cb91f590ff8625a1) Importer(815301076,1909f56bfc062723c751e8b465ee728b)  -> (artifact id: 'c75bea29386bdd69c5d983d227f53ecd') in 0.001078 seconds
  Import took 0.002897 seconds .

========================================================================
Received Prepare
Registering precompiled user dll's ...
Registered in 0.002125 seconds.
Begin MonoManager ReloadAssembly
Native extension for WindowsStandalone target not found
Refreshing native plugins compatible for Editor in 0.32 ms, found 2 plugins.
Preloading 0 native plugins for Editor in 0.00 ms.
Mono: successfully reloaded assembly
- Completed reload, in  0.985 seconds
Platform modules already initialized, skipping
Refreshing native plugins compatible for Editor in 0.33 ms, found 2 plugins.
Preloading 0 native plugins for Editor in 0.00 ms.
Unloading 1401 Unused Serialized files (Serialized files now loaded: 0)
System memory in use before: 68.8 MB.
System memory in use after: 68.9 MB.

Unloading 14 unused Assets to reduce memory usage. Loaded Objects now: 1923.
Total: 1.950300 ms (FindLiveObjects: 0.155700 ms CreateObjectMapping: 0.035100 ms MarkObjects: 1.699700 ms  DeleteObjects: 0.058700 ms)

========================================================================
Received Prepare
Registering precompiled user dll's ...
Registered in 0.002186 seconds.
Begin MonoManager ReloadAssembly
Native extension for WindowsStandalone target not found
Refreshing native plugins compatible for Editor in 0.32 ms, found 2 plugins.
Preloading 0 native plugins for Editor in 0.00 ms.
Mono: successfully reloaded assembly
- Completed reload, in  0.983 seconds
Platform modules already initialized, skipping
Refreshing native plugins compatible for Editor in 0.32 ms, found 2 plugins.
Preloading 0 native plugins for Editor in 0.00 ms.
Unloading 1400 Unused Serialized files (Serialized files now loaded: 0)
System memory in use before: 68.8 MB.
System memory in use after: 68.9 MB.

Unloading 15 unused Assets to reduce memory usage. Loaded Objects now: 1925.
Total: 1.968200 ms (FindLiveObjects: 0.178300 ms CreateObjectMapping: 0.034200 ms MarkObjects: 1.691500 ms  DeleteObjects: 0.062800 ms)

========================================================================
Received Prepare
Registering precompiled user dll's ...
Registered in 0.002076 seconds.
Begin MonoManager ReloadAssembly
Native extension for WindowsStandalone target not found
Refreshing native plugins compatible for Editor in 0.32 ms, found 2 plugins.
Preloading 0 native plugins for Editor in 0.00 ms.
Mono: successfully reloaded assembly
- Completed reload, in  0.972 seconds
Platform modules already initialized, skipping
Refreshing native plugins compatible for Editor in 0.32 ms, found 2 plugins.
Preloading 0 native plugins for Editor in 0.00 ms.
Unloading 1400 Unused Serialized files (Serialized files now loaded: 0)
System memory in use before: 68.8 MB.
System memory in use after: 68.9 MB.

Unloading 14 unused Assets to reduce memory usage. Loaded Objects now: 1928.
Total: 1.925600 ms (FindLiveObjects: 0.161800 ms CreateObjectMapping: 0.035900 ms MarkObjects: 1.668400 ms  DeleteObjects: 0.058800 ms)

========================================================================
Received Import Request.
  Time since last request: 56.211986 seconds.
  path: Assets/Scripts/ObjectsView
  artifactKey: Guid(e1488893fc8d2e44c9f9c744067825db) Importer(815301076,1909f56bfc062723c751e8b465ee728b)
Start importing Assets/Scripts/ObjectsView using Guid(e1488893fc8d2e44c9f9c744067825db) Importer(815301076,1909f56bfc062723c751e8b465ee728b)  -> (artifact id: '0dac739352198cbd59ebfeeb3a2ad403') in 0.004544 seconds
  Import took 0.006892 seconds .

========================================================================
Received Prepare
Registering precompiled user dll's ...
Registered in 0.002141 seconds.
Begin MonoManager ReloadAssembly
Native extension for WindowsStandalone target not found
Refreshing native plugins compatible for Editor in 0.33 ms, found 2 plugins.
Preloading 0 native plugins for Editor in 0.00 ms.
Mono: successfully reloaded assembly
- Completed reload, in  0.977 seconds
Platform modules already initialized, skipping
Refreshing native plugins compatible for Editor in 0.32 ms, found 2 plugins.
Preloading 0 native plugins for Editor in 0.00 ms.
Unloading 1400 Unused Serialized files (Serialized files now loaded: 0)
System memory in use before: 68.8 MB.
System memory in use after: 68.9 MB.

Unloading 14 unused Assets to reduce memory usage. Loaded Objects now: 1931.
Total: 1.998400 ms (FindLiveObjects: 0.163500 ms CreateObjectMapping: 0.035300 ms MarkObjects: 1.739700 ms  DeleteObjects: 0.058900 ms)

========================================================================
Received Import Request.
  Time since last request: 10.646723 seconds.
  path: Assets/Scripts/Player.cs
  artifactKey: Guid(7b47b54506e2c8b4199528e9c045dce3) Importer(815301076,1909f56bfc062723c751e8b465ee728b)
Start importing Assets/Scripts/Player.cs using Guid(7b47b54506e2c8b4199528e9c045dce3) Importer(815301076,1909f56bfc062723c751e8b465ee728b)  -> (artifact id: 'b5e0ddcbc9311794e304864543184e8f') in 0.003772 seconds
  Import took 0.005854 seconds .

========================================================================
Received Import Request.
  Time since last request: 0.154756 seconds.
  path: Assets/Scripts/CharacterView.cs
  artifactKey: Guid(7b8d9dbb2a74e524aa1b9ae662718f96) Importer(815301076,1909f56bfc062723c751e8b465ee728b)
Start importing Assets/Scripts/CharacterView.cs using Guid(7b8d9dbb2a74e524aa1b9ae662718f96) Importer(815301076,1909f56bfc062723c751e8b465ee728b)  -> (artifact id: '8a26177aa86bb06e83395ed83f5d6ed3') in 0.001285 seconds
  Import took 0.003396 seconds .

========================================================================
Received Import Request.
  Time since last request: 0.003123 seconds.
  path: Assets/Scripts/CharacterView.cs
  artifactKey: Guid(7b8d9dbb2a74e524aa1b9ae662718f96) Importer(815301076,1909f56bfc062723c751e8b465ee728b)
Start importing Assets/Scripts/CharacterView.cs using Guid(7b8d9dbb2a74e524aa1b9ae662718f96) Importer(815301076,1909f56bfc062723c751e8b465ee728b)  -> (artifact id: '8a26177aa86bb06e83395ed83f5d6ed3') in 0.000979 seconds
  Import took 0.002585 seconds .

========================================================================
Received Prepare
Registering precompiled user dll's ...
Registered in 0.002063 seconds.
Begin MonoManager ReloadAssembly
Native extension for WindowsStandalone target not found
Refreshing native plugins compatible for Editor in 0.33 ms, found 2 plugins.
Preloading 0 native plugins for Editor in 0.00 ms.
Mono: successfully reloaded assembly
- Completed reload, in  0.974 seconds
Platform modules already initialized, skipping
Refreshing native plugins compatible for Editor in 0.35 ms, found 2 plugins.
Preloading 0 native plugins for Editor in 0.00 ms.
Unloading 1400 Unused Serialized files (Serialized files now loaded: 0)
System memory in use before: 68.8 MB.
System memory in use after: 68.9 MB.

Unloading 14 unused Assets to reduce memory usage. Loaded Objects now: 1934.
Total: 1.977400 ms (FindLiveObjects: 0.174000 ms CreateObjectMapping: 0.033700 ms MarkObjects: 1.707200 ms  DeleteObjects: 0.061600 ms)

========================================================================
Received Import Request.
  Time since last request: 30.222806 seconds.
  path: Assets/Scripts/AdditionalMechanics
  artifactKey: Guid(f8017c1f070dec649b42b08b1ae2c624) Importer(815301076,1909f56bfc062723c751e8b465ee728b)
Start importing Assets/Scripts/AdditionalMechanics using Guid(f8017c1f070dec649b42b08b1ae2c624) Importer(815301076,1909f56bfc062723c751e8b465ee728b)  -> (artifact id: '81c1e698db3addd2c3e00a2857856ba1') in 0.004570 seconds
  Import took 0.006944 seconds .

========================================================================
Received Prepare
Registering precompiled user dll's ...
Registered in 0.002148 seconds.
Begin MonoManager ReloadAssembly
Native extension for WindowsStandalone target not found
Refreshing native plugins compatible for Editor in 0.33 ms, found 2 plugins.
Preloading 0 native plugins for Editor in 0.00 ms.
Mono: successfully reloaded assembly
- Completed reload, in  0.973 seconds
Platform modules already initialized, skipping
Refreshing native plugins compatible for Editor in 0.32 ms, found 2 plugins.
Preloading 0 native plugins for Editor in 0.00 ms.
Unloading 1400 Unused Serialized files (Serialized files now loaded: 0)
System memory in use before: 68.8 MB.
System memory in use after: 68.9 MB.

Unloading 14 unused Assets to reduce memory usage. Loaded Objects now: 1937.
Total: 1.968800 ms (FindLiveObjects: 0.160300 ms CreateObjectMapping: 0.035100 ms MarkObjects: 1.710500 ms  DeleteObjects: 0.062000 ms)

AssetImportWorkerClient::OnTransportError - code=2 error=End of file
